Target Part: AGLN250V2_VQFP100_STD
Report for cell top.verilog
  Core Cell usage:
              cell count     area count*area
              AND2    28      1.0       28.0
              AND3    41      1.0       41.0
               AO1   158      1.0      158.0
              AO13    50      1.0       50.0
              AO14     1      1.0        1.0
              AO18    17      1.0       17.0
              AO1A    12      1.0       12.0
              AO1B     6      1.0        6.0
              AO1C     3      1.0        3.0
              AO1D     7      1.0        7.0
              AOI1     3      1.0        3.0
             AOI1B    11      1.0       11.0
               AX1     2      1.0        2.0
              AX1A     1      1.0        1.0
              AX1C     9      1.0        9.0
              AX1D    55      1.0       55.0
             AXOI5     1      1.0        1.0
            CLKINT     4      0.0        0.0
               GND    11      0.0        0.0
               INV     8      1.0        8.0
              MAJ3    18      1.0       18.0
               MX2    79      1.0       79.0
              MX2A     2      1.0        2.0
              NOR2    64      1.0       64.0
             NOR2A   172      1.0      172.0
             NOR2B   200      1.0      200.0
              NOR3    15      1.0       15.0
             NOR3A    42      1.0       42.0
             NOR3B    83      1.0       83.0
             NOR3C   133      1.0      133.0
               OA1    35      1.0       35.0
              OA1A     9      1.0        9.0
              OA1B    65      1.0       65.0
              OA1C    51      1.0       51.0
              OAI1     4      1.0        4.0
               OR2    99      1.0       99.0
              OR2A    63      1.0       63.0
              OR2B    14      1.0       14.0
               OR3    42      1.0       42.0
              OR3A    17      1.0       17.0
              OR3B     3      1.0        3.0
              OR3C     1      1.0        1.0
               PLL     1      0.0        0.0
            PLLINT     1      0.0        0.0
               VCC    11      0.0        0.0
               XA1    18      1.0       18.0
              XA1A    29      1.0       29.0
              XA1B    21      1.0       21.0
              XA1C    15      1.0       15.0
              XAI1    10      1.0       10.0
             XAI1A     3      1.0        3.0
             XNOR2   135      1.0      135.0
             XNOR3    66      1.0       66.0
               XO1    13      1.0       13.0
              XOR2   237      1.0      237.0
              XOR3    39      1.0       39.0


          DFN0E0C0     1      1.0        1.0
          DFN0E1C0    16      1.0       16.0
              DFN1    35      1.0       35.0
            DFN1C0   212      1.0      212.0
            DFN1E0     2      1.0        2.0
          DFN1E0C0    89      1.0       89.0
          DFN1E0P0     2      1.0        2.0
            DFN1E1   118      1.0      118.0
          DFN1E1C0   105      1.0      105.0
            DFN1P0    59      1.0       59.0
          DFN1P1C1    14      1.0       14.0
                   -----          ----------
             TOTAL  2891              2863.0


  IO Cell usage:
              cell count
            CLKBUF     1
             INBUF     3
            OUTBUF     6
                   -----
             TOTAL    10


Core Cells         : 2863 of 6144 (47%)
IO Cells           : 10

  RAM/ROM Usage Summary
Block Rams : 0 of 8 (0%)

