C:\Microsemi\Libero_SoC_v11.8\SynplifyPro\bin64\c_hdl.exe  -osyn  C:\Users\Neuromancer\Documents\WorkSpace\HitchHike\HitchHike_FPGA_code\synthesis\synwork\top_comp.srs  -top  top  -hdllog  C:\Users\Neuromancer\Documents\WorkSpace\HitchHike\HitchHike_FPGA_code\synthesis\synlog\top_compiler.srr  -encrypt  -mp  4  -verification_mode 0  -verilog  -prodtype  synplify_pro  -nram -fixsmult -divnmod   -I C:\Users\Neuromancer\Documents\WorkSpace\HitchHike\HitchHike_FPGA_code\synthesis\  -I C:\Microsemi\Libero_SoC_v11.8\SynplifyPro\lib   -v2001  -devicelib  C:\Microsemi\Libero_SoC_v11.8\SynplifyPro\lib\proasic\igloo.v  -encrypt  -pro  -dmgen  C:\Users\Neuromancer\Documents\WorkSpace\HitchHike\HitchHike_FPGA_code\synthesis\dm  -ui -fid2 -ram -sharing on -ll 2000 -autosm  -lib work C:\Users\Neuromancer\Documents\WorkSpace\HitchHike\HitchHike_FPGA_code\hdl\data_rate.v -lib work C:\Users\Neuromancer\Documents\WorkSpace\HitchHike\HitchHike_FPGA_code\hdl\data_source.v -lib work C:\Users\Neuromancer\Documents\WorkSpace\HitchHike\HitchHike_FPGA_code\hdl\dbpsk_modulator.v -lib work C:\Users\Neuromancer\Documents\WorkSpace\HitchHike\HitchHike_FPGA_code\hdl\demodulator.v -lib work C:\Users\Neuromancer\Documents\WorkSpace\HitchHike\HitchHike_FPGA_code\hdl\mac.v -lib work C:\Users\Neuromancer\Documents\WorkSpace\HitchHike\HitchHike_FPGA_code\hdl\main_clock.v -lib work C:\Users\Neuromancer\Documents\WorkSpace\HitchHike\HitchHike_FPGA_code\hdl\modulator.v -lib work C:\Users\Neuromancer\Documents\WorkSpace\HitchHike\HitchHike_FPGA_code\smartgen\pll_core\pll_core.v -lib work C:\Users\Neuromancer\Documents\WorkSpace\HitchHike\HitchHike_FPGA_code\hdl\randgen.v -lib work C:\Users\Neuromancer\Documents\WorkSpace\HitchHike\HitchHike_FPGA_code\hdl\ten_mhz_clock.v -lib work C:\Users\Neuromancer\Documents\WorkSpace\HitchHike\HitchHike_FPGA_code\hdl\two_mhz_clock.v -lib work C:\Users\Neuromancer\Documents\WorkSpace\HitchHike\HitchHike_FPGA_code\hdl\whitening.v -lib work C:\Users\Neuromancer\Documents\WorkSpace\HitchHike\HitchHike_FPGA_code\component\work\top\top.v 
rc:0 success:1 runtime:3
file:C:\Users\Neuromancer\Documents\WorkSpace\HitchHike\HitchHike_FPGA_code\synthesis\synwork\top_comp.srs|io:o|time:1516190325|size:31866|exec:0
file:C:\Users\Neuromancer\Documents\WorkSpace\HitchHike\HitchHike_FPGA_code\synthesis\synlog\top_compiler.srr|io:o|time:1516190325|size:40638|exec:0
file:C:\Microsemi\Libero_SoC_v11.8\SynplifyPro\lib\proasic\igloo.v|io:i|time:1487916450|size:50704|exec:0
file:C:\Users\Neuromancer\Documents\WorkSpace\HitchHike\HitchHike_FPGA_code\hdl\data_rate.v|io:i|time:1515409068|size:2010|exec:0
file:C:\Users\Neuromancer\Documents\WorkSpace\HitchHike\HitchHike_FPGA_code\hdl\data_source.v|io:i|time:1516174366|size:2019|exec:0
file:C:\Users\Neuromancer\Documents\WorkSpace\HitchHike\HitchHike_FPGA_code\hdl\dbpsk_modulator.v|io:i|time:1515409068|size:843|exec:0
file:C:\Users\Neuromancer\Documents\WorkSpace\HitchHike\HitchHike_FPGA_code\hdl\demodulator.v|io:i|time:1516181746|size:3993|exec:0
file:C:\Users\Neuromancer\Documents\WorkSpace\HitchHike\HitchHike_FPGA_code\hdl\mac.v|io:i|time:1516174366|size:11422|exec:0
file:C:\Users\Neuromancer\Documents\WorkSpace\HitchHike\HitchHike_FPGA_code\hdl\main_clock.v|io:i|time:1515409068|size:549|exec:0
file:C:\Users\Neuromancer\Documents\WorkSpace\HitchHike\HitchHike_FPGA_code\hdl\modulator.v|io:i|time:1516188352|size:1049|exec:0
file:C:\Users\Neuromancer\Documents\WorkSpace\HitchHike\HitchHike_FPGA_code\smartgen\pll_core\pll_core.v|io:i|time:1515409070|size:2711|exec:0
file:C:\Users\Neuromancer\Documents\WorkSpace\HitchHike\HitchHike_FPGA_code\hdl\randgen.v|io:i|time:1515937121|size:1655|exec:0
file:C:\Users\Neuromancer\Documents\WorkSpace\HitchHike\HitchHike_FPGA_code\hdl\ten_mhz_clock.v|io:i|time:1515409069|size:547|exec:0
file:C:\Users\Neuromancer\Documents\WorkSpace\HitchHike\HitchHike_FPGA_code\hdl\two_mhz_clock.v|io:i|time:1515409069|size:548|exec:0
file:C:\Users\Neuromancer\Documents\WorkSpace\HitchHike\HitchHike_FPGA_code\hdl\whitening.v|io:i|time:1515409069|size:1886|exec:0
file:C:\Users\Neuromancer\Documents\WorkSpace\HitchHike\HitchHike_FPGA_code\component\work\top\top.v|io:i|time:1516189977|size:9050|exec:0
file:C:\Microsemi\Libero_SoC_v11.8\SynplifyPro\bin\c_hdl.exe|io:i|time:1479348364|size:1337856|exec:1
file:C:\Microsemi\Libero_SoC_v11.8\SynplifyPro\bin64\c_hdl.exe|io:i|time:1479348568|size:1973248|exec:1
