
Starting:    C:\Microsemi\Libero_SoC_v11.8\SynplifyPro\bin64\mbin\synbatch.exe
Install:     C:\Microsemi\Libero_SoC_v11.8\SynplifyPro
Hostname:    DESKTOP-L1IGDRV
Date:        Thu Jan 18 19:49:29 2018
Version:     L-2016.09M-2

Arguments:   -product synplify_pro -licensetype synplifypro_actel -batch -log synplify.log top_syn.tcl
ProductType: synplify_pro

License checkout: synplifypro_actel
License: synplifypro_actel node-locked 
Licensed Vendor: actel
License Option: actel_oem

Running in Vendor Mode


auto_infer_blackbox is not supported in current product.

log file: "C:\Users\Neuromancer\Documents\WorkSpace\HitchHike\HitchHike_FPGA_code\synthesis\top.srr"

Running: synthesis in foreground



Running top_syn|synthesis


Running: compile (Compile) on top_syn|synthesis
# Thu Jan 18 19:49:29 2018


Running: compile_flow (Compile Process) on top_syn|synthesis
# Thu Jan 18 19:49:29 2018


Running: compiler (Compile Input) on top_syn|synthesis
# Thu Jan 18 19:49:29 2018

Copied C:\Users\Neuromancer\Documents\WorkSpace\HitchHike\HitchHike_FPGA_code\synthesis\synwork\top_comp.srs to C:\Users\Neuromancer\Documents\WorkSpace\HitchHike\HitchHike_FPGA_code\synthesis\top.srs


compiler completed
# Thu Jan 18 19:49:33 2018

Return Code: 0
Run Time:00h:00m:04s


Running: multi_srs_gen (Multi-srs Generator) on top_syn|synthesis
# Thu Jan 18 19:49:33 2018


multi_srs_gen completed
# Thu Jan 18 19:49:33 2018

Return Code: 0
Run Time:00h:00m:00s

Copied C:\Users\Neuromancer\Documents\WorkSpace\HitchHike\HitchHike_FPGA_code\synthesis\synwork\top_mult.srs to C:\Users\Neuromancer\Documents\WorkSpace\HitchHike\HitchHike_FPGA_code\synthesis\top.srs

Complete: Compile Process on top_syn|synthesis


Running: premap (Pre-mapping) on top_syn|synthesis
# Thu Jan 18 19:49:33 2018


premap completed with warnings
# Thu Jan 18 19:49:35 2018

Return Code: 1
Run Time:00h:00m:02s

Complete: Compile on top_syn|synthesis


Running: map (Map) on top_syn|synthesis
# Thu Jan 18 19:49:35 2018

License granted for 4 parallel jobs


Running: fpga_mapper (Map & Optimize) on top_syn|synthesis
# Thu Jan 18 19:49:35 2018

Copied C:\Users\Neuromancer\Documents\WorkSpace\HitchHike\HitchHike_FPGA_code\synthesis\synwork\top_m.srm to C:\Users\Neuromancer\Documents\WorkSpace\HitchHike\HitchHike_FPGA_code\synthesis\top.srm


fpga_mapper completed with warnings
# Thu Jan 18 19:49:43 2018

Return Code: 1
Run Time:00h:00m:08s

Complete: Map on top_syn|synthesis

Complete: Logic Synthesis on top_syn|synthesis

TCL script complete: "top_syn.tcl"

exit status=0

exit status=0

License checkin: synplifypro_actel

